<?xml version="1.0" encoding="UTF-8"?>
<!-- Generated by org.testng.reporters.JUnitXMLReporter -->
<testsuite hostname="DESKTOP-2J4CT5D" ignored="0" name="Default test(failed)" tests="1" failures="1" timestamp="30 Mar 2019 23:29:19 GMT" time="5.793" errors="0">
  <testcase name="google" time="5.199" classname="module6pkg_TestNG.Screen_Shot">
    <failure type="java.lang.AssertionError" message="expected [YouTube] but found [Google]">
      <![CDATA[java.lang.AssertionError: expected [YouTube] but found [Google]
at module6pkg_TestNG.Screen_Shot.google(Screen_Shot.java:36)
... Removed 31 stack frames]]>
    </failure>
  </testcase> <!-- google -->
</testsuite> <!-- Default test(failed) -->
