<?xml version="1.0" encoding="UTF-8"?>
<!-- Generated by org.testng.reporters.JUnitXMLReporter -->
<testsuite hostname="DESKTOP-2J4CT5D" ignored="0" name="Chrome/Firefox for Google.com" tests="1" failures="1" timestamp="08 Feb 2019 22:47:19 GMT" time="3.435" errors="0">
  <testcase name="@AfterTest closeBrowser" time="0.0" classname="module6pkg_TestNG.Parameterization">
    <failure type="java.lang.NullPointerException">
      <![CDATA[java.lang.NullPointerException
at module6pkg_TestNG.Parameterization.closeBrowser(Parameterization.java:42)
... Removed 24 stack frames]]>
    </failure>
  </testcase> <!-- @AfterTest closeBrowser -->
  <testcase name="getURL" time="0.009" classname="module6pkg_TestNG.Parameterization">
    <failure type="java.lang.NullPointerException">
      <![CDATA[java.lang.NullPointerException
at module6pkg_TestNG.Parameterization.getURL(Parameterization.java:37)
... Removed 25 stack frames]]>
    </failure>
  </testcase> <!-- getURL -->
</testsuite> <!-- Chrome/Firefox for Google.com -->
