<?xml version="1.0" encoding="UTF-8"?>
<!-- Generated by org.testng.reporters.JUnitXMLReporter -->
<testsuite hostname="DESKTOP-2J4CT5D" ignored="0" name=" FB_Register_Test" tests="2" failures="0" timestamp="11 Feb 2019 04:54:42 GMT" time="8.81" errors="0">
  <testcase name="openURL" time="3.012" classname="module6pkg_TestNG.Facebook_register_testcase"/>
  <testcase name="register" time="1.95" classname="module6pkg_TestNG.Facebook_register_testcase"/>
</testsuite> <!--  FB_Register_Test -->
