<?xml version="1.0" encoding="UTF-8"?>
<!-- Generated by org.testng.reporters.JUnitXMLReporter -->
<testsuite hostname="DESKTOP-2J4CT5D" ignored="0" name=" Edureka_signup_Test" tests="2" failures="0" timestamp="11 Feb 2019 20:05:51 GMT" time="14.315" errors="0">
  <testcase name="openURL" time="5.104" classname="Assignments_Edureka.Sel_mod6_assign_SignUp_TestCase"/>
  <testcase name="register" time="3.075" classname="Assignments_Edureka.Sel_mod6_assign_SignUp_TestCase"/>
</testsuite> <!--  Edureka_signup_Test -->
