<?xml version="1.0" encoding="UTF-8"?>
<!-- Generated by org.testng.reporters.JUnitXMLReporter -->
<testsuite hostname="DESKTOP-2J4CT5D" ignored="0" name="Firefox for Google.com" tests="1" failures="1" timestamp="08 Feb 2019 22:55:29 GMT" time="2.586" errors="0">
  <testcase name="getURL" time="0.001" classname="module6pkg_TestNG.MultipleBrowser">
    <failure type="java.lang.NullPointerException">
      <![CDATA[java.lang.NullPointerException
at module6pkg_TestNG.MultipleBrowser.getURL(MultipleBrowser.java:44)
... Removed 25 stack frames]]>
    </failure>
  </testcase> <!-- getURL -->
</testsuite> <!-- Firefox for Google.com -->
